2025-04-22 07:52:32 [[33mwarn[39m]: La aplicación se está ejecutando en modo desarrollo
2025-04-22 07:52:46 [[32minfo[39m]: ✅ Database connection verified
2025-04-22 08:25:32 [[33mwarn[39m]: La aplicación se está ejecutando en modo desarrollo
2025-04-22 08:25:43 [[32minfo[39m]: ✅ Database connection verified
2025-04-22 08:39:14 [[33mwarn[39m]: La aplicación se está ejecutando en modo desarrollo
2025-04-22 08:39:25 [[32minfo[39m]: ✅ Database connection verified
2025-04-22 08:43:01 [[33mwarn[39m]: La aplicación se está ejecutando en modo desarrollo
2025-04-22 08:43:03 [[32minfo[39m]: ✅ Database connection verified
2025-04-22 09:32:19 [[33mwarn[39m]: La aplicación se está ejecutando en modo desarrollo
2025-04-22 09:32:33 [[32minfo[39m]: ✅ Database connection verified
2025-04-22 09:32:36 [[33mwarn[39m]: La aplicación se está ejecutando en modo desarrollo
2025-04-22 09:32:38 [[32minfo[39m]: ✅ Database connection verified
2025-04-22 09:33:59 [[32minfo[39m]: Directorio de backups creado: D:\Proyectos\business-management-system\backend\backups
2025-04-22 09:34:00 [[31merror[39m]: Error en backup: Command failed: mysqldump --host=localhost --port=3306 --user=root --password=root bms > D:\Proyectos\business-management-system\backend\backups\backup-2025-04-22T13-33-59-972Z.sql
"mysqldump" no se reconoce como un comando interno o externo,
programa o archivo por lotes ejecutable.

2025-04-22 10:00:46 [[33mwarn[39m]: La aplicación se está ejecutando en modo desarrollo
2025-04-22 10:00:50 [[32minfo[39m]: ✅ Database connection verified
2025-04-22 10:21:13 [[33mwarn[39m]: La aplicación se está ejecutando en modo desarrollo
2025-04-22 10:21:18 [[32minfo[39m]: ✅ Database connection verified
2025-04-22 10:23:43 [[33mwarn[39m]: La aplicación se está ejecutando en modo desarrollo
2025-04-22 10:23:45 [[32minfo[39m]: ✅ Database connection verified
2025-04-22 10:23:49 [[33mwarn[39m]: La aplicación se está ejecutando en modo desarrollo
2025-04-22 10:23:50 [[32minfo[39m]: ✅ Database connection verified
2025-04-22 10:23:56 [[33mwarn[39m]: La aplicación se está ejecutando en modo desarrollo
2025-04-22 10:23:58 [[32minfo[39m]: ✅ Database connection verified
2025-04-22 10:25:19 [[33mwarn[39m]: La aplicación se está ejecutando en modo desarrollo
2025-04-22 10:25:21 [[32minfo[39m]: ✅ Database connection verified
2025-04-22 10:25:32 [[33mwarn[39m]: La aplicación se está ejecutando en modo desarrollo
2025-04-22 10:25:34 [[32minfo[39m]: ✅ Database connection verified
2025-04-22 10:27:15 [[33mwarn[39m]: La aplicación se está ejecutando en modo desarrollo
2025-04-22 10:27:17 [[32minfo[39m]: ✅ Database connection verified
2025-04-22 10:27:21 [[33mwarn[39m]: La aplicación se está ejecutando en modo desarrollo
2025-04-22 10:27:23 [[32minfo[39m]: ✅ Database connection verified
2025-04-22 10:27:32 [[33mwarn[39m]: La aplicación se está ejecutando en modo desarrollo
2025-04-22 10:27:34 [[32minfo[39m]: ✅ Database connection verified
2025-04-22 10:27:44 [[33mwarn[39m]: La aplicación se está ejecutando en modo desarrollo
2025-04-22 10:27:46 [[32minfo[39m]: ✅ Database connection verified
2025-04-22 10:28:34 [[33mwarn[39m]: La aplicación se está ejecutando en modo desarrollo
2025-04-22 10:28:36 [[32minfo[39m]: ✅ Database connection verified
2025-04-22 10:30:57 [[33mwarn[39m]: La aplicación se está ejecutando en modo desarrollo
2025-04-22 10:30:59 [[32minfo[39m]: ✅ Database connection verified
