2025-04-01 15:46:04 [error]: Error: Unknown database 'my_database'
    at Packet.asError (D:\Proyectos\business-management-system\backend\node_modules\mysql2\lib\packets\packet.js:740:17)
    at ClientHandshake.execute (D:\Proyectos\business-management-system\backend\node_modules\mysql2\lib\commands\command.js:29:26)
    at PoolConnection.handlePacket (D:\Proyectos\business-management-system\backend\node_modules\mysql2\lib\base\connection.js:475:34)
    at PacketParser.onPacket (D:\Proyectos\business-management-system\backend\node_modules\mysql2\lib\base\connection.js:93:12)
    at PacketParser.executeStart (D:\Proyectos\business-management-system\backend\node_modules\mysql2\lib\packet_parser.js:75:16)
    at Socket.<anonymous> (D:\Proyectos\business-management-system\backend\node_modules\mysql2\lib\base\connection.js:100:25)
    at Socket.emit (node:events:518:28)
    at Socket.emit (node:domain:489:12)
    at addChunk (node:internal/streams/readable:561:12)
    at readableAddChunkPushByteMode (node:internal/streams/readable:512:3)
2025-04-01 15:46:58 [error]: Error: Unknown database 'my_database'
    at Packet.asError (D:\Proyectos\business-management-system\backend\node_modules\mysql2\lib\packets\packet.js:740:17)
    at ClientHandshake.execute (D:\Proyectos\business-management-system\backend\node_modules\mysql2\lib\commands\command.js:29:26)
    at PoolConnection.handlePacket (D:\Proyectos\business-management-system\backend\node_modules\mysql2\lib\base\connection.js:475:34)
    at PacketParser.onPacket (D:\Proyectos\business-management-system\backend\node_modules\mysql2\lib\base\connection.js:93:12)
    at PacketParser.executeStart (D:\Proyectos\business-management-system\backend\node_modules\mysql2\lib\packet_parser.js:75:16)
    at Socket.<anonymous> (D:\Proyectos\business-management-system\backend\node_modules\mysql2\lib\base\connection.js:100:25)
    at Socket.emit (node:events:518:28)
    at Socket.emit (node:domain:489:12)
    at addChunk (node:internal/streams/readable:561:12)
    at readableAddChunkPushByteMode (node:internal/streams/readable:512:3)
2025-04-01 15:49:17 [error]: Error: Unknown database 'my_database'
    at Packet.asError (D:\Proyectos\business-management-system\backend\node_modules\mysql2\lib\packets\packet.js:740:17)
    at ClientHandshake.execute (D:\Proyectos\business-management-system\backend\node_modules\mysql2\lib\commands\command.js:29:26)
    at PoolConnection.handlePacket (D:\Proyectos\business-management-system\backend\node_modules\mysql2\lib\base\connection.js:475:34)
    at PacketParser.onPacket (D:\Proyectos\business-management-system\backend\node_modules\mysql2\lib\base\connection.js:93:12)
    at PacketParser.executeStart (D:\Proyectos\business-management-system\backend\node_modules\mysql2\lib\packet_parser.js:75:16)
    at Socket.<anonymous> (D:\Proyectos\business-management-system\backend\node_modules\mysql2\lib\base\connection.js:100:25)
    at Socket.emit (node:events:518:28)
    at Socket.emit (node:domain:489:12)
    at addChunk (node:internal/streams/readable:561:12)
    at readableAddChunkPushByteMode (node:internal/streams/readable:512:3)
2025-04-01 15:49:23 [info]: ✅ Conexión a la base de datos verificada correctamente
2025-04-01 15:49:23 [info]: ✅ Database connection verified
2025-04-01 15:51:24 [[32minfo[39m]: ✅ Conexión a la base de datos verificada correctamente
2025-04-01 15:51:24 [[32minfo[39m]: ✅ Database connection verified
2025-04-01 15:51:33 [[32minfo[39m]: ✅ Conexión a la base de datos verificada correctamente
2025-04-01 15:51:33 [[32minfo[39m]: ✅ Database connection verified
2025-04-01 15:51:46 [[31merror[39m]: Error: Access denied for user 'root'@'localhost' (using password: YES)
    at Packet.asError (D:\Proyectos\business-management-system\backend\node_modules\mysql2\lib\packets\packet.js:740:17)
    at ClientHandshake.execute (D:\Proyectos\business-management-system\backend\node_modules\mysql2\lib\commands\command.js:29:26)
    at PoolConnection.handlePacket (D:\Proyectos\business-management-system\backend\node_modules\mysql2\lib\base\connection.js:475:34)
    at PacketParser.onPacket (D:\Proyectos\business-management-system\backend\node_modules\mysql2\lib\base\connection.js:93:12)
    at PacketParser.executeStart (D:\Proyectos\business-management-system\backend\node_modules\mysql2\lib\packet_parser.js:75:16)
    at Socket.<anonymous> (D:\Proyectos\business-management-system\backend\node_modules\mysql2\lib\base\connection.js:100:25)
    at Socket.emit (node:events:518:28)
    at Socket.emit (node:domain:489:12)
    at addChunk (node:internal/streams/readable:561:12)
    at readableAddChunkPushByteMode (node:internal/streams/readable:512:3)
2025-04-01 15:52:14 [[31merror[39m]: Error: Access denied for user 'root'@'localhost' (using password: YES)
    at Packet.asError (D:\Proyectos\business-management-system\backend\node_modules\mysql2\lib\packets\packet.js:740:17)
    at ClientHandshake.execute (D:\Proyectos\business-management-system\backend\node_modules\mysql2\lib\commands\command.js:29:26)
    at PoolConnection.handlePacket (D:\Proyectos\business-management-system\backend\node_modules\mysql2\lib\base\connection.js:475:34)
    at PacketParser.onPacket (D:\Proyectos\business-management-system\backend\node_modules\mysql2\lib\base\connection.js:93:12)
    at PacketParser.executeStart (D:\Proyectos\business-management-system\backend\node_modules\mysql2\lib\packet_parser.js:75:16)
    at Socket.<anonymous> (D:\Proyectos\business-management-system\backend\node_modules\mysql2\lib\base\connection.js:100:25)
    at Socket.emit (node:events:518:28)
    at Socket.emit (node:domain:489:12)
    at addChunk (node:internal/streams/readable:561:12)
    at readableAddChunkPushByteMode (node:internal/streams/readable:512:3)
2025-04-01 15:52:34 [[31merror[39m]: Error: Access denied for user 'root'@'localhost' (using password: YES)
    at Packet.asError (D:\Proyectos\business-management-system\backend\node_modules\mysql2\lib\packets\packet.js:740:17)
    at ClientHandshake.execute (D:\Proyectos\business-management-system\backend\node_modules\mysql2\lib\commands\command.js:29:26)
    at PoolConnection.handlePacket (D:\Proyectos\business-management-system\backend\node_modules\mysql2\lib\base\connection.js:475:34)
    at PacketParser.onPacket (D:\Proyectos\business-management-system\backend\node_modules\mysql2\lib\base\connection.js:93:12)
    at PacketParser.executeStart (D:\Proyectos\business-management-system\backend\node_modules\mysql2\lib\packet_parser.js:75:16)
    at Socket.<anonymous> (D:\Proyectos\business-management-system\backend\node_modules\mysql2\lib\base\connection.js:100:25)
    at Socket.emit (node:events:518:28)
    at Socket.emit (node:domain:489:12)
    at addChunk (node:internal/streams/readable:561:12)
    at readableAddChunkPushByteMode (node:internal/streams/readable:512:3)
2025-04-01 15:53:11 [[31merror[39m]: Error: Access denied for user 'root'@'localhost' (using password: YES)
    at Packet.asError (D:\Proyectos\business-management-system\backend\node_modules\mysql2\lib\packets\packet.js:740:17)
    at ClientHandshake.execute (D:\Proyectos\business-management-system\backend\node_modules\mysql2\lib\commands\command.js:29:26)
    at PoolConnection.handlePacket (D:\Proyectos\business-management-system\backend\node_modules\mysql2\lib\base\connection.js:475:34)
    at PacketParser.onPacket (D:\Proyectos\business-management-system\backend\node_modules\mysql2\lib\base\connection.js:93:12)
    at PacketParser.executeStart (D:\Proyectos\business-management-system\backend\node_modules\mysql2\lib\packet_parser.js:75:16)
    at Socket.<anonymous> (D:\Proyectos\business-management-system\backend\node_modules\mysql2\lib\base\connection.js:100:25)
    at Socket.emit (node:events:518:28)
    at Socket.emit (node:domain:489:12)
    at addChunk (node:internal/streams/readable:561:12)
    at readableAddChunkPushByteMode (node:internal/streams/readable:512:3)
2025-04-01 15:53:34 [[31merror[39m]: Error: Access denied for user 'root'@'localhost' (using password: YES)
    at Packet.asError (D:\Proyectos\business-management-system\backend\node_modules\mysql2\lib\packets\packet.js:740:17)
    at ClientHandshake.execute (D:\Proyectos\business-management-system\backend\node_modules\mysql2\lib\commands\command.js:29:26)
    at PoolConnection.handlePacket (D:\Proyectos\business-management-system\backend\node_modules\mysql2\lib\base\connection.js:475:34)
    at PacketParser.onPacket (D:\Proyectos\business-management-system\backend\node_modules\mysql2\lib\base\connection.js:93:12)
    at PacketParser.executeStart (D:\Proyectos\business-management-system\backend\node_modules\mysql2\lib\packet_parser.js:75:16)
    at Socket.<anonymous> (D:\Proyectos\business-management-system\backend\node_modules\mysql2\lib\base\connection.js:100:25)
    at Socket.emit (node:events:518:28)
    at Socket.emit (node:domain:489:12)
    at addChunk (node:internal/streams/readable:561:12)
    at readableAddChunkPushByteMode (node:internal/streams/readable:512:3)
2025-04-01 15:54:52 [[31merror[39m]: Error: Access denied for user 'root'@'localhost' (using password: YES)
    at Packet.asError (D:\Proyectos\business-management-system\backend\node_modules\mysql2\lib\packets\packet.js:740:17)
    at ClientHandshake.execute (D:\Proyectos\business-management-system\backend\node_modules\mysql2\lib\commands\command.js:29:26)
    at PoolConnection.handlePacket (D:\Proyectos\business-management-system\backend\node_modules\mysql2\lib\base\connection.js:475:34)
    at PacketParser.onPacket (D:\Proyectos\business-management-system\backend\node_modules\mysql2\lib\base\connection.js:93:12)
    at PacketParser.executeStart (D:\Proyectos\business-management-system\backend\node_modules\mysql2\lib\packet_parser.js:75:16)
    at Socket.<anonymous> (D:\Proyectos\business-management-system\backend\node_modules\mysql2\lib\base\connection.js:100:25)
    at Socket.emit (node:events:518:28)
    at Socket.emit (node:domain:489:12)
    at addChunk (node:internal/streams/readable:561:12)
    at readableAddChunkPushByteMode (node:internal/streams/readable:512:3)
2025-04-01 15:58:06 [[31merror[39m]: Error: Access denied for user 'root'@'localhost' (using password: YES)
    at Packet.asError (D:\Proyectos\business-management-system\backend\node_modules\mysql2\lib\packets\packet.js:740:17)
    at ClientHandshake.execute (D:\Proyectos\business-management-system\backend\node_modules\mysql2\lib\commands\command.js:29:26)
    at PoolConnection.handlePacket (D:\Proyectos\business-management-system\backend\node_modules\mysql2\lib\base\connection.js:475:34)
    at PacketParser.onPacket (D:\Proyectos\business-management-system\backend\node_modules\mysql2\lib\base\connection.js:93:12)
    at PacketParser.executeStart (D:\Proyectos\business-management-system\backend\node_modules\mysql2\lib\packet_parser.js:75:16)
    at Socket.<anonymous> (D:\Proyectos\business-management-system\backend\node_modules\mysql2\lib\base\connection.js:100:25)
    at Socket.emit (node:events:518:28)
    at Socket.emit (node:domain:489:12)
    at addChunk (node:internal/streams/readable:561:12)
    at readableAddChunkPushByteMode (node:internal/streams/readable:512:3)
2025-04-01 15:59:10 [[31merror[39m]: Error: Access denied for user 'root'@'localhost' (using password: YES)
    at Packet.asError (D:\Proyectos\business-management-system\backend\node_modules\mysql2\lib\packets\packet.js:740:17)
    at ClientHandshake.execute (D:\Proyectos\business-management-system\backend\node_modules\mysql2\lib\commands\command.js:29:26)
    at PoolConnection.handlePacket (D:\Proyectos\business-management-system\backend\node_modules\mysql2\lib\base\connection.js:475:34)
    at PacketParser.onPacket (D:\Proyectos\business-management-system\backend\node_modules\mysql2\lib\base\connection.js:93:12)
    at PacketParser.executeStart (D:\Proyectos\business-management-system\backend\node_modules\mysql2\lib\packet_parser.js:75:16)
    at Socket.<anonymous> (D:\Proyectos\business-management-system\backend\node_modules\mysql2\lib\base\connection.js:100:25)
    at Socket.emit (node:events:518:28)
    at Socket.emit (node:domain:489:12)
    at addChunk (node:internal/streams/readable:561:12)
    at readableAddChunkPushByteMode (node:internal/streams/readable:512:3)
2025-04-01 16:00:01 [[32minfo[39m]: ✅ Conexión a la base de datos verificada correctamente
2025-04-01 16:00:01 [[32minfo[39m]: ✅ Database connection verified
2025-04-01 16:00:09 [[32minfo[39m]: ✅ Database connection verified
2025-04-01 16:00:09 [[32minfo[39m]: ✅ Conexión a la base de datos verificada correctamente
2025-04-01 16:01:04 [[32minfo[39m]: ✅ Conexión a la base de datos verificada correctamente
2025-04-01 16:01:04 [[32minfo[39m]: ✅ Database connection verified
2025-04-01 16:05:50 [[32minfo[39m]: ✅ Conexión a la base de datos verificada correctamente
2025-04-01 16:05:50 [[32minfo[39m]: ✅ Database connection verified
2025-04-01 16:06:42 [[32minfo[39m]: ✅ Conexión a la base de datos verificada correctamente
2025-04-01 16:06:42 [[32minfo[39m]: ✅ Database connection verified
2025-04-01 16:07:48 [[32minfo[39m]: ✅ Database connection verified
2025-04-01 16:07:48 [[32minfo[39m]: ✅ Conexión a la base de datos verificada correctamente
2025-04-01 16:08:35 [[32minfo[39m]: ✅ Conexión a la base de datos verificada correctamente
2025-04-01 16:08:35 [[32minfo[39m]: ✅ Database connection verified
2025-04-01 16:09:59 [[32minfo[39m]: ✅ Conexión a la base de datos verificada correctamente
2025-04-01 16:09:59 [[32minfo[39m]: ✅ Database connection verified
2025-04-01 16:11:45 [[32minfo[39m]: ✅ Database connection verified
2025-04-01 16:11:45 [[32minfo[39m]: ✅ Conexión a la base de datos verificada correctamente
2025-04-01 16:11:51 [[32minfo[39m]: ✅ Conexión a la base de datos verificada correctamente
2025-04-01 16:11:51 [[32minfo[39m]: ✅ Database connection verified
2025-04-01 16:12:39 [[32minfo[39m]: ✅ Conexión a la base de datos verificada correctamente
2025-04-01 16:12:39 [[32minfo[39m]: ✅ Database connection verified
2025-04-01 16:12:57 [[32minfo[39m]: ✅ Database connection verified
2025-04-01 16:12:57 [[32minfo[39m]: ✅ Conexión a la base de datos verificada correctamente
2025-04-01 16:13:37 [[32minfo[39m]: ✅ Conexión a la base de datos verificada correctamente
2025-04-01 16:13:37 [[32minfo[39m]: ✅ Database connection verified
2025-04-01 16:13:48 [[32minfo[39m]: ✅ Database connection verified
2025-04-01 16:13:48 [[32minfo[39m]: ✅ Conexión a la base de datos verificada correctamente
2025-04-01 16:13:59 [[32minfo[39m]: ✅ Database connection verified
2025-04-01 16:13:59 [[32minfo[39m]: ✅ Conexión a la base de datos verificada correctamente
2025-04-01 16:14:30 [[32minfo[39m]: ✅ Database connection verified
2025-04-01 16:14:30 [[32minfo[39m]: ✅ Conexión a la base de datos verificada correctamente
2025-04-01 16:14:43 [[32minfo[39m]: ✅ Conexión a la base de datos verificada correctamente
2025-04-01 16:14:43 [[32minfo[39m]: ✅ Database connection verified
2025-04-01 16:14:49 [[32minfo[39m]: ✅ Database connection verified
2025-04-01 16:26:33 [[32minfo[39m]: ✅ Database connection verified
2025-04-01 16:27:02 [[32minfo[39m]: ✅ Database connection verified
2025-04-01 16:27:19 [[32minfo[39m]: ✅ Database connection verified
2025-04-01 16:27:28 [[32minfo[39m]: ✅ Database connection verified
2025-04-01 16:28:19 [[32minfo[39m]: ✅ Database connection verified
2025-04-01 16:28:29 [[32minfo[39m]: ✅ Database connection verified
2025-04-01 16:28:41 [[32minfo[39m]: ✅ Database connection verified
2025-04-01 16:29:04 [[32minfo[39m]: ✅ Database connection verified
2025-04-01 16:30:58 [[32minfo[39m]: ✅ Database connection verified
2025-04-01 21:50:56 [[32minfo[39m]: ✅ Database connection verified
2025-04-01 22:08:10 [[32minfo[39m]: ✅ Database connection verified
2025-04-01 22:08:21 [[32minfo[39m]: ✅ Database connection verified
2025-04-01 22:08:27 [[32minfo[39m]: ✅ Database connection verified
2025-04-01 22:08:40 [[32minfo[39m]: ✅ Database connection verified
2025-04-01 22:12:31 [[32minfo[39m]: ✅ Database connection verified
